#
# There is insufficient memory for the Java Runtime Environment to continue.
# Native memory allocation (malloc) failed to allocate 1048576 bytes for AllocateHeap
# Possible reasons:
#   The system is out of physical RAM or swap space
#   The process is running with CompressedOops enabled, and the Java Heap may be blocking the growth of the native heap
# Possible solutions:
#   Reduce memory load on the system
#   Increase physical memory or swap space
#   Check if swap backing store is full
#   Decrease Java heap size (-Xmx/-Xms)
#   Decrease number of Java threads
#   Decrease Java thread stack sizes (-Xss)
#   Set larger code cache with -XX:ReservedCodeCacheSize=
#   JVM is running with Zero Based Compressed Oops mode in which the Java heap is
#     placed in the first 32GB address space. The Java Heap base address is the
#     maximum limit for the native heap growth. Please use -XX:HeapBaseMinAddress
#     to set the Java Heap base and to place the Java Heap above 32GB virtual address.
# This output file may be truncated or incomplete.
#
#  Out of Memory Error (memory/allocation.inline.hpp:61), pid=9744, tid=0x0000000000001b88
#
# JRE version:  (8.0_212-b10) (build )
# Java VM: Java HotSpot(TM) 64-Bit Server VM (25.212-b10 mixed mode windows-amd64 compressed oops)
# Failed to write core dump. Minidumps are not enabled by default on client versions of Windows
#

---------------  T H R E A D  ---------------

Current thread (0x0000000002783800):  JavaThread "Unknown thread" [_thread_in_vm, id=7048, stack(0x00000000024b0000,0x00000000025b0000)]

Stack: [0x00000000024b0000,0x00000000025b0000]
[error occurred during error reporting (printing stack bounds), id 0xc0000005]

Native frames: (J=compiled Java code, j=interpreted, Vv=VM code, C=native code)


---------------  P R O C E S S  ---------------

Java Threads: ( => current thread )

Other Threads:

=>0x0000000002783800 (exited) JavaThread "Unknown thread" [_thread_in_vm, id=7048, stack(0x00000000024b0000,0x00000000025b0000)]

VM state:not at safepoint (normal execution)

VM Mutex/Monitor currently owned by a thread: None

heap address: 0x00000006c2400000, size: 4060 MB, Compressed Oops mode: Zero based, Oop shift amount: 3
Narrow klass base: 0x0000000000000000, Narrow klass shift: 3
Compressed class space size: 1073741824 Address: 0x00000007c0000000

Heap:
 PSYoungGen      total 75776K, used 1300K [0x000000076b700000, 0x0000000770b80000, 0x00000007c0000000)
  eden space 65024K, 2% used [0x000000076b700000,0x000000076b8451f8,0x000000076f680000)
  from space 10752K, 0% used [0x0000000770100000,0x0000000770100000,0x0000000770b80000)
  to   space 10752K, 0% used [0x000000076f680000,0x000000076f680000,0x0000000770100000)
 ParOldGen       total 173568K, used 0K [0x00000006c2400000, 0x00000006ccd80000, 0x000000076b700000)
  object space 173568K, 0% used [0x00000006c2400000,0x00000006c2400000,0x00000006ccd80000)
 Metaspace       used 775K, capacity 4480K, committed 4480K, reserved 1056768K
  class space    used 76K, capacity 384K, committed 384K, reserved 1048576K

Card table byte_map: [0x0000000011c40000,0x0000000012430000] byte_map_base: 0x000000000e62e000

Marking Bits: (ParMarkBitMap*) 0x00000000614e5ce0
 Begin Bits: [0x0000000013180000, 0x00000000170f0000)
 End Bits:   [0x00000000170f0000, 0x000000001b060000)

Polling page: 0x0000000000c60000

CodeCache: size=245760Kb used=328Kb max_used=328Kb free=245431Kb
 bounds [0x0000000002880000, 0x0000000002af0000, 0x0000000011880000]
 total_blobs=58 nmethods=0 adapters=38
 compilation: enabled

Compilation events (0 events):
No events

GC Heap History (0 events):
No events

Deoptimization events (0 events):
No events

Classes redefined (0 events):
No events

Internal exceptions (0 events):
No events

Events (10 events):
Event: 0.025 loading class java/lang/Short
Event: 0.025 loading class java/lang/Short done
Event: 0.025 loading class java/lang/Integer
Event: 0.025 loading class java/lang/Integer done
Event: 0.025 loading class java/lang/Long
Event: 0.026 loading class java/lang/Long done
Event: 0.026 loading class java/lang/NullPointerException
Event: 0.026 loading class java/lang/NullPointerException done
Event: 0.026 loading class java/lang/ArithmeticException
Event: 0.026 loading class java/lang/ArithmeticException done


Dynamic libraries:
0x00007ff6871f0000 - 0x00007ff687227000 	C:\Program Files\Java\jdk1.8.0_212\bin\java.exe
0x00007ffb72100000 - 0x00007ffb722f0000 	C:\WINDOWS\SYSTEM32\ntdll.dll
0x00007ffb70340000 - 0x00007ffb703f2000 	C:\WINDOWS\System32\KERNEL32.DLL
0x00007ffb6f080000 - 0x00007ffb6f323000 	C:\WINDOWS\System32\KERNELBASE.dll
0x00007ffb71a20000 - 0x00007ffb71ac3000 	C:\WINDOWS\System32\ADVAPI32.dll
0x00007ffb71460000 - 0x00007ffb714fe000 	C:\WINDOWS\System32\msvcrt.dll
0x00007ffb71d60000 - 0x00007ffb71df7000 	C:\WINDOWS\System32\sechost.dll
0x00007ffb70c10000 - 0x00007ffb70d30000 	C:\WINDOWS\System32\RPCRT4.dll
0x00007ffb71bc0000 - 0x00007ffb71d53000 	C:\WINDOWS\System32\USER32.dll
0x00007ffb6fe60000 - 0x00007ffb6fe81000 	C:\WINDOWS\System32\win32u.dll
0x00007ffb70a20000 - 0x00007ffb70a46000 	C:\WINDOWS\System32\GDI32.dll
0x00007ffb6ffe0000 - 0x00007ffb70174000 	C:\WINDOWS\System32\gdi32full.dll
0x00007ffb6fef0000 - 0x00007ffb6ff8e000 	C:\WINDOWS\System32\msvcp_win.dll
0x00007ffb6fae0000 - 0x00007ffb6fbda000 	C:\WINDOWS\System32\ucrtbase.dll
0x00007ffb57620000 - 0x00007ffb578a5000 	C:\WINDOWS\WinSxS\amd64_microsoft.windows.common-controls_6595b64144ccf1df_6.0.18362.356_none_e6c4af7d130f27cc\COMCTL32.dll
0x00007ffb71610000 - 0x00007ffb71946000 	C:\WINDOWS\System32\combase.dll
0x00007ffb6fd30000 - 0x00007ffb6fdb0000 	C:\WINDOWS\System32\bcryptPrimitives.dll
0x00007ffb70d40000 - 0x00007ffb70d6e000 	C:\WINDOWS\System32\IMM32.DLL
0x0000000061570000 - 0x0000000061642000 	C:\Program Files\Java\jdk1.8.0_212\jre\bin\msvcr100.dll
0x0000000060cc0000 - 0x0000000061565000 	C:\Program Files\Java\jdk1.8.0_212\jre\bin\server\jvm.dll
0x00007ffb71ad0000 - 0x00007ffb71ad8000 	C:\WINDOWS\System32\PSAPI.DLL
0x00007ffb6a6a0000 - 0x00007ffb6a6aa000 	C:\WINDOWS\SYSTEM32\VERSION.dll
0x00007ffb628b0000 - 0x00007ffb628d4000 	C:\WINDOWS\SYSTEM32\WINMM.dll
0x00007ffb5bef0000 - 0x00007ffb5bef9000 	C:\WINDOWS\SYSTEM32\WSOCK32.dll
0x00007ffb70180000 - 0x00007ffb701ef000 	C:\WINDOWS\System32\WS2_32.dll
0x00007ffb62880000 - 0x00007ffb628ad000 	C:\WINDOWS\SYSTEM32\winmmbase.dll
0x00007ffb6ff90000 - 0x00007ffb6ffda000 	C:\WINDOWS\System32\cfgmgr32.dll
0x00007ffb57e60000 - 0x00007ffb57e6f000 	C:\Program Files\Java\jdk1.8.0_212\jre\bin\verify.dll
0x00007ffb3bae0000 - 0x00007ffb3bb09000 	C:\Program Files\Java\jdk1.8.0_212\jre\bin\java.dll
0x00007ffb699c0000 - 0x00007ffb699e3000 	C:\Program Files\Java\jdk1.8.0_212\jre\bin\instrument.dll
0x00007ffb325b0000 - 0x00007ffb325c6000 	C:\Program Files\Java\jdk1.8.0_212\jre\bin\zip.dll

VM Arguments:
jvm_args: -javaagent:C:\Program Files\JetBrains\IntelliJ IDEA 2019.1.1\lib\idea_rt.jar=63318:C:\Program Files\JetBrains\IntelliJ IDEA 2019.1.1\bin -Dfile.encoding=UTF-8 
java_command: AEFGenerator
java_class_path (initial): C:\Program Files\Java\jdk1.8.0_212\jre\lib\charsets.jar;C:\Program Files\Java\jdk1.8.0_212\jre\lib\deploy.jar;C:\Program Files\Java\jdk1.8.0_212\jre\lib\ext\access-bridge-64.jar;C:\Program Files\Java\jdk1.8.0_212\jre\lib\ext\cldrdata.jar;C:\Program Files\Java\jdk1.8.0_212\jre\lib\ext\dnsns.jar;C:\Program Files\Java\jdk1.8.0_212\jre\lib\ext\jaccess.jar;C:\Program Files\Java\jdk1.8.0_212\jre\lib\ext\jfxrt.jar;C:\Program Files\Java\jdk1.8.0_212\jre\lib\ext\localedata.jar;C:\Program Files\Java\jdk1.8.0_212\jre\lib\ext\nashorn.jar;C:\Program Files\Java\jdk1.8.0_212\jre\lib\ext\sunec.jar;C:\Program Files\Java\jdk1.8.0_212\jre\lib\ext\sunjce_provider.jar;C:\Program Files\Java\jdk1.8.0_212\jre\lib\ext\sunmscapi.jar;C:\Program Files\Java\jdk1.8.0_212\jre\lib\ext\sunpkcs11.jar;C:\Program Files\Java\jdk1.8.0_212\jre\lib\ext\zipfs.jar;C:\Program Files\Java\jdk1.8.0_212\jre\lib\javaws.jar;C:\Program Files\Java\jdk1.8.0_212\jre\lib\jce.jar;C:\Program Files\Java\jdk1.8.0_212\jre\lib\jfr.jar;C:\Program Files\Java\jdk1.8.0_212\jre\lib\jfxswt.jar;C:\Program Files\Java\jdk1.8.0_212\jre\lib\jsse.jar;C:\Program Files\Java\jdk1.8.0_212\jre\lib\management-agent.jar;C:\Program Files\Java\jdk1.8.0_212\jre\lib\plugin.jar;C:\Program Files\Java\jdk1.8.0_212\jre\lib\resources.jar;C:\Program Files\Java\jdk1.8.0_212\jre\lib\rt.jar;D:\adldoost\workspace\aef-initializr\target\classes;C:\Users\adldoust.hamid\.m2\repository\org\springframework\boot\spring-boot-starter\2.1.1.RELEASE\spring-boot-starter-2.1.1.RELEASE.jar;C:\Users\adldoust.hamid\.m2\repository\org\springframework\boot\spring-boot\2.1.1.RELEASE\spring-boot-2.1.1.RELEASE.jar;C:\Users\adldoust.hamid\.m2\repository\org\springframework\spring-context\5.1.3.RELEASE\spring-context-5.1.3.RELEASE.jar;C:\Users\adldoust.hamid\.m2\repository\org\springframework\spring-aop\5.1.3.RELEASE\spring-aop-5.1.3.RELEASE.jar;C:\Users\adldoust.hamid\.m2\repository\org\springframework\spring-beans\5.1.3.RELEASE\spring-beans-5.1.3.RE
Launcher Type: SUN_STANDARD

Environment Variables:
PATH=C:\Program Files (x86)\Common Files\Oracle\Java\javapath;C:\Program Files (x86)\Intel\iCLS Client\;C:\Program Files\Intel\iCLS Client\;C:\WINDOWS\system32;C:\WINDOWS;C:\WINDOWS\System32\Wbem;C:\WINDOWS\System32\WindowsPowerShell\v1.0\;C:\WINDOWS\System32\OpenSSH\;C:\Program Files (x86)\Intel\Intel(R) Management Engine Components\DAL;C:\Program Files\Intel\Intel(R) Management Engine Components\DAL;C:\Program Files (x86)\Intel\Intel(R) Management Engine Components\IPT;C:\Program Files\Intel\Intel(R) Management Engine Components\IPT;C:\Program Files\Git\cmd;C:\Program Files\nodejs\;C:\Users\adldoust.hamid\AppData\Local\Microsoft\WindowsApps;C:\Users\adldoust.hamid\AppData\Roaming\npm;C:\Users\adldoust.hamid\AppData\Local\Programs\Microsoft VS Code\bin;
USERNAME=AdlDoust.Hamid
OS=Windows_NT
PROCESSOR_IDENTIFIER=Intel64 Family 6 Model 158 Stepping 9, GenuineIntel



---------------  S Y S T E M  ---------------

OS: Windows 10.0 , 64 bit Build 18362 (10.0.18362.329)

CPU:total 8 (initial active 8) (4 cores per cpu, 2 threads per core) family 6 model 158 stepping 9, cmov, cx8, fxsr, mmx, sse, sse2, sse3, ssse3, sse4.1, sse4.2, popcnt, avx, avx2, aes, clmul, erms, rtm, 3dnowpref, lzcnt, ht, tsc, tscinvbit, bmi1, bmi2, adx

Memory: 4k page, physical 16628896k(741576k free), swap 31211804k(4120k free)

vm_info: Java HotSpot(TM) 64-Bit Server VM (25.212-b10) for windows-amd64 JRE (1.8.0_212-b10), built on Apr  1 2019 22:50:23 by "java_re" with MS VC++ 10.0 (VS2010)

time: Mon Sep 16 14:27:00 2019
timezone: Iran Daylight Time
elapsed time: 0 seconds (0d 0h 0m 0s)

